<?xml version="1.0" encoding="UTF-8"?>
<!-- Generated by org.testng.reporters.JUnitReportReporter -->
<testsuite hostname="DESKTOP-1KBS5LU" failures="0" tests="1" name="adminportal.Testsales" time="5.127" errors="0" timestamp="2022-08-08T15:55:41 IST" skipped="0">
  <testcase classname="adminportal.Testsales" name="login" time="5.127"/>
  <system-out/>
</testsuite> <!-- adminportal.Testsales -->
